2023-05-17 11:34:35,671 - Copied: /Users/ikramkhan/Python/source/.DS_Store -> /Users/ikramkhan/Python/replica/.DS_Store
2023-05-17 11:34:35,671 - Initial synchronization complete
2023-05-17 11:38:26,556 - Copied: /Users/ikramkhan/Python/source/.DS_Store -> /Users/ikramkhan/Python/replica/.DS_Store
2023-05-17 11:38:26,557 - Copied: /Users/ikramkhan/Python/source/google-drive-api.py -> /Users/ikramkhan/Python/replica/google-drive-api.py
2023-05-17 11:38:26,557 - Initial synchronization complete
2023-05-17 11:38:36,570 - Copied: /Users/ikramkhan/Python/source/.DS_Store -> /Users/ikramkhan/Python/replica/.DS_Store
2023-05-17 11:38:36,571 - Copied: /Users/ikramkhan/Python/source/google-drive-api.py -> /Users/ikramkhan/Python/replica/google-drive-api.py
2023-05-17 11:38:46,598 - Copied: /Users/ikramkhan/Python/source/.DS_Store -> /Users/ikramkhan/Python/replica/.DS_Store
2023-05-17 11:38:46,599 - Copied: /Users/ikramkhan/Python/source/google-drive-api.py -> /Users/ikramkhan/Python/replica/google-drive-api.py
2023-05-17 11:38:56,622 - Copied: /Users/ikramkhan/Python/source/.DS_Store -> /Users/ikramkhan/Python/replica/.DS_Store
2023-05-17 11:40:50,734 - Copied: /Users/ikramkhan/Python/source/.DS_Store -> /Users/ikramkhan/Python/replica/.DS_Store
2023-05-17 11:40:50,734 - Copied: /Users/ikramkhan/Python/source/test_file.txt -> /Users/ikramkhan/Python/replica/test_file.txt
2023-05-17 11:41:50,085 - Copied: /Users/ikramkhan/Python/source/.DS_Store -> /Users/ikramkhan/Python/replica/.DS_Store
2023-05-17 11:41:50,086 - Copied: /Users/ikramkhan/Python/source/test_file.txt -> /Users/ikramkhan/Python/replica/test_file.txt
2023-05-17 11:41:50,086 - Copied: /Users/ikramkhan/Python/source/google-drive-api.py -> /Users/ikramkhan/Python/replica/google-drive-api.py
2023-05-17 11:41:50,086 - Initial synchronization complete
2023-05-17 11:42:00,097 - Copied: /Users/ikramkhan/Python/source/.DS_Store -> /Users/ikramkhan/Python/replica/.DS_Store
2023-05-17 11:42:00,097 - Copied: /Users/ikramkhan/Python/source/test_file.txt -> /Users/ikramkhan/Python/replica/test_file.txt
2023-05-17 11:42:00,098 - Copied: /Users/ikramkhan/Python/source/google-drive-api.py -> /Users/ikramkhan/Python/replica/google-drive-api.py
2023-05-17 11:42:10,132 - Copied: /Users/ikramkhan/Python/source/.DS_Store -> /Users/ikramkhan/Python/replica/.DS_Store
2023-05-17 11:42:10,132 - Copied: /Users/ikramkhan/Python/source/test_file.txt -> /Users/ikramkhan/Python/replica/test_file.txt
2023-05-17 11:42:10,133 - Copied: /Users/ikramkhan/Python/source/google-drive-api.py -> /Users/ikramkhan/Python/replica/google-drive-api.py
2023-05-17 11:42:20,154 - Copied: /Users/ikramkhan/Python/source/test_file copy.txt -> /Users/ikramkhan/Python/replica/test_file copy.txt
2023-05-17 11:42:20,155 - Copied: /Users/ikramkhan/Python/source/.DS_Store -> /Users/ikramkhan/Python/replica/.DS_Store
2023-05-17 11:42:20,156 - Copied: /Users/ikramkhan/Python/source/test_file.txt -> /Users/ikramkhan/Python/replica/test_file.txt
2023-05-17 11:42:20,157 - Copied: /Users/ikramkhan/Python/source/google-drive-api.py -> /Users/ikramkhan/Python/replica/google-drive-api.py
2023-05-17 11:42:30,183 - Copied: /Users/ikramkhan/Python/source/test_file copy.txt -> /Users/ikramkhan/Python/replica/test_file copy.txt
2023-05-17 11:42:30,185 - Copied: /Users/ikramkhan/Python/source/.DS_Store -> /Users/ikramkhan/Python/replica/.DS_Store
2023-05-17 11:42:30,186 - Copied: /Users/ikramkhan/Python/source/test_file.txt -> /Users/ikramkhan/Python/replica/test_file.txt
2023-05-17 11:42:30,187 - Copied: /Users/ikramkhan/Python/source/google-drive-api.py -> /Users/ikramkhan/Python/replica/google-drive-api.py
2023-05-17 11:42:40,201 - Copied: /Users/ikramkhan/Python/source/test_file copy.txt -> /Users/ikramkhan/Python/replica/test_file copy.txt
2023-05-17 11:42:40,202 - Copied: /Users/ikramkhan/Python/source/.DS_Store -> /Users/ikramkhan/Python/replica/.DS_Store
2023-05-17 11:42:40,203 - Copied: /Users/ikramkhan/Python/source/test_file.txt -> /Users/ikramkhan/Python/replica/test_file.txt
2023-05-17 11:42:40,203 - Copied: /Users/ikramkhan/Python/source/google-drive-api.py -> /Users/ikramkhan/Python/replica/google-drive-api.py
2023-05-17 11:42:50,234 - Copied: /Users/ikramkhan/Python/source/.DS_Store -> /Users/ikramkhan/Python/replica/.DS_Store
2023-05-17 11:42:50,235 - Copied: /Users/ikramkhan/Python/source/test_file.txt -> /Users/ikramkhan/Python/replica/test_file.txt
2023-05-17 11:42:50,235 - Copied: /Users/ikramkhan/Python/source/google-drive-api.py -> /Users/ikramkhan/Python/replica/google-drive-api.py
2023-05-17 11:43:00,276 - Copied: /Users/ikramkhan/Python/source/.DS_Store -> /Users/ikramkhan/Python/replica/.DS_Store
2023-05-17 11:43:00,277 - Copied: /Users/ikramkhan/Python/source/test_file.txt -> /Users/ikramkhan/Python/replica/test_file.txt
2023-05-17 11:43:00,277 - Copied: /Users/ikramkhan/Python/source/google-drive-api.py -> /Users/ikramkhan/Python/replica/google-drive-api.py
2023-05-17 11:43:10,304 - Copied: /Users/ikramkhan/Python/source/.DS_Store -> /Users/ikramkhan/Python/replica/.DS_Store
2023-05-17 11:43:10,305 - Copied: /Users/ikramkhan/Python/source/test_file.txt -> /Users/ikramkhan/Python/replica/test_file.txt
2023-05-17 11:43:10,306 - Copied: /Users/ikramkhan/Python/source/google-drive-api.py -> /Users/ikramkhan/Python/replica/google-drive-api.py
2023-05-17 11:45:21,673 - Copied: /Users/ikramkhan/Python/source/.DS_Store -> /Users/ikramkhan/Python/replica/.DS_Store
2023-05-17 11:45:21,674 - Copied: /Users/ikramkhan/Python/source/test_file.txt -> /Users/ikramkhan/Python/replica/test_file.txt
2023-05-17 11:45:21,674 - Copied: /Users/ikramkhan/Python/source/google-drive-api.py -> /Users/ikramkhan/Python/replica/google-drive-api.py
2023-05-17 11:45:21,674 - Initial synchronization complete
2023-05-17 11:45:31,706 - Copied: /Users/ikramkhan/Python/source/.DS_Store -> /Users/ikramkhan/Python/replica/.DS_Store
2023-05-17 11:45:31,708 - Copied: /Users/ikramkhan/Python/source/test_file.txt -> /Users/ikramkhan/Python/replica/test_file.txt
2023-05-17 11:45:31,709 - Copied: /Users/ikramkhan/Python/source/google-drive-api.py -> /Users/ikramkhan/Python/replica/google-drive-api.py
2023-05-17 11:45:41,729 - Copied: /Users/ikramkhan/Python/source/test_file copy.txt -> /Users/ikramkhan/Python/replica/test_file copy.txt
2023-05-17 11:45:41,730 - Copied: /Users/ikramkhan/Python/source/.DS_Store -> /Users/ikramkhan/Python/replica/.DS_Store
2023-05-17 11:45:41,730 - Copied: /Users/ikramkhan/Python/source/test_file.txt -> /Users/ikramkhan/Python/replica/test_file.txt
2023-05-17 11:45:41,731 - Copied: /Users/ikramkhan/Python/source/google-drive-api.py -> /Users/ikramkhan/Python/replica/google-drive-api.py
2023-05-17 11:45:51,766 - Copied: /Users/ikramkhan/Python/source/.DS_Store -> /Users/ikramkhan/Python/replica/.DS_Store
2023-05-17 11:45:51,766 - Copied: /Users/ikramkhan/Python/source/test_file.txt -> /Users/ikramkhan/Python/replica/test_file.txt
2023-05-17 11:45:51,767 - Copied: /Users/ikramkhan/Python/source/google-drive-api.py -> /Users/ikramkhan/Python/replica/google-drive-api.py
2023-05-17 11:46:01,811 - Copied: /Users/ikramkhan/Python/source/.DS_Store -> /Users/ikramkhan/Python/replica/.DS_Store
2023-05-17 11:46:01,812 - Copied: /Users/ikramkhan/Python/source/test_file.txt -> /Users/ikramkhan/Python/replica/test_file.txt
2023-05-17 11:46:01,813 - Copied: /Users/ikramkhan/Python/source/google-drive-api.py -> /Users/ikramkhan/Python/replica/google-drive-api.py
2023-05-17 11:48:48,425 - Copied: /Users/ikramkhan/Python/source/.DS_Store -> /Users/ikramkhan/Python/replica/.DS_Store
2023-05-17 11:48:48,425 - Copied: /Users/ikramkhan/Python/source/test_file.txt -> /Users/ikramkhan/Python/replica/test_file.txt
2023-05-17 11:48:48,425 - Copied: /Users/ikramkhan/Python/source/google-drive-api.py -> /Users/ikramkhan/Python/replica/google-drive-api.py
2023-05-17 11:48:48,426 - Initial synchronization complete
2023-05-17 11:48:58,455 - Copied: /Users/ikramkhan/Python/source/.DS_Store -> /Users/ikramkhan/Python/replica/.DS_Store
2023-05-17 11:48:58,456 - Copied: /Users/ikramkhan/Python/source/test_file.txt -> /Users/ikramkhan/Python/replica/test_file.txt
2023-05-17 11:48:58,457 - Copied: /Users/ikramkhan/Python/source/google-drive-api.py -> /Users/ikramkhan/Python/replica/google-drive-api.py
2023-05-17 11:49:08,486 - Copied: /Users/ikramkhan/Python/source/.DS_Store -> /Users/ikramkhan/Python/replica/.DS_Store
2023-05-17 11:49:08,487 - Copied: /Users/ikramkhan/Python/source/test_file.txt -> /Users/ikramkhan/Python/replica/test_file.txt
2023-05-17 11:49:08,488 - Copied: /Users/ikramkhan/Python/source/google-drive-api.py -> /Users/ikramkhan/Python/replica/google-drive-api.py
2023-05-17 11:49:18,510 - Copied: /Users/ikramkhan/Python/source/.DS_Store -> /Users/ikramkhan/Python/replica/.DS_Store
2023-05-17 11:49:18,511 - Copied: /Users/ikramkhan/Python/source/test_file.txt -> /Users/ikramkhan/Python/replica/test_file.txt
2023-05-17 11:49:18,512 - Copied: /Users/ikramkhan/Python/source/google-drive-api.py -> /Users/ikramkhan/Python/replica/google-drive-api.py
2023-05-17 11:49:28,559 - Copied: /Users/ikramkhan/Python/source/.DS_Store -> /Users/ikramkhan/Python/replica/.DS_Store
2023-05-17 11:49:28,560 - Copied: /Users/ikramkhan/Python/source/test_file.txt -> /Users/ikramkhan/Python/replica/test_file.txt
2023-05-17 11:49:28,561 - Copied: /Users/ikramkhan/Python/source/google-drive-api.py -> /Users/ikramkhan/Python/replica/google-drive-api.py
2023-05-17 11:49:38,590 - Copied: /Users/ikramkhan/Python/source/.DS_Store -> /Users/ikramkhan/Python/replica/.DS_Store
2023-05-17 11:49:38,591 - Copied: /Users/ikramkhan/Python/source/test_file.txt -> /Users/ikramkhan/Python/replica/test_file.txt
2023-05-17 11:49:38,591 - Copied: /Users/ikramkhan/Python/source/google-drive-api.py -> /Users/ikramkhan/Python/replica/google-drive-api.py
2023-05-17 11:49:48,609 - Copied: /Users/ikramkhan/Python/source/.DS_Store -> /Users/ikramkhan/Python/replica/.DS_Store
2023-05-17 11:49:48,609 - Copied: /Users/ikramkhan/Python/source/test_file.txt -> /Users/ikramkhan/Python/replica/test_file.txt
2023-05-17 11:49:48,610 - Copied: /Users/ikramkhan/Python/source/google-drive-api.py -> /Users/ikramkhan/Python/replica/google-drive-api.py
2023-05-17 11:49:58,643 - Copied: /Users/ikramkhan/Python/source/.DS_Store -> /Users/ikramkhan/Python/replica/.DS_Store
2023-05-17 11:49:58,643 - Copied: /Users/ikramkhan/Python/source/test_file.txt -> /Users/ikramkhan/Python/replica/test_file.txt
2023-05-17 11:49:58,644 - Copied: /Users/ikramkhan/Python/source/google-drive-api.py -> /Users/ikramkhan/Python/replica/google-drive-api.py
2023-05-17 11:50:08,676 - Copied: /Users/ikramkhan/Python/source/.DS_Store -> /Users/ikramkhan/Python/replica/.DS_Store
2023-05-17 11:50:08,677 - Copied: /Users/ikramkhan/Python/source/test_file.txt -> /Users/ikramkhan/Python/replica/test_file.txt
2023-05-17 11:50:08,677 - Copied: /Users/ikramkhan/Python/source/google-drive-api.py -> /Users/ikramkhan/Python/replica/google-drive-api.py
2023-05-17 11:50:18,713 - Copied: /Users/ikramkhan/Python/source/.DS_Store -> /Users/ikramkhan/Python/replica/.DS_Store
2023-05-17 11:50:18,714 - Copied: /Users/ikramkhan/Python/source/test_file.txt -> /Users/ikramkhan/Python/replica/test_file.txt
2023-05-17 11:50:18,714 - Copied: /Users/ikramkhan/Python/source/google-drive-api.py -> /Users/ikramkhan/Python/replica/google-drive-api.py
2023-05-17 11:50:24,260 - Copied: /Users/ikramkhan/Python/source/.DS_Store -> /Users/ikramkhan/Python/replica/.DS_Store
2023-05-17 11:50:24,260 - Copied: /Users/ikramkhan/Python/source/test_file.txt -> /Users/ikramkhan/Python/replica/test_file.txt
2023-05-17 11:50:24,261 - Copied: /Users/ikramkhan/Python/source/google-drive-api.py -> /Users/ikramkhan/Python/replica/google-drive-api.py
2023-05-17 11:50:24,261 - Initial synchronization complete
2023-05-17 11:50:34,299 - Copied: /Users/ikramkhan/Python/source/.DS_Store -> /Users/ikramkhan/Python/replica/.DS_Store
2023-05-17 11:50:34,300 - Copied: /Users/ikramkhan/Python/source/test_file.txt -> /Users/ikramkhan/Python/replica/test_file.txt
2023-05-17 11:50:34,301 - Copied: /Users/ikramkhan/Python/source/google-drive-api.py -> /Users/ikramkhan/Python/replica/google-drive-api.py
2023-05-17 11:50:44,345 - Copied: /Users/ikramkhan/Python/source/.DS_Store -> /Users/ikramkhan/Python/replica/.DS_Store
2023-05-17 11:50:44,346 - Copied: /Users/ikramkhan/Python/source/test_file.txt -> /Users/ikramkhan/Python/replica/test_file.txt
2023-05-17 11:50:44,347 - Copied: /Users/ikramkhan/Python/source/google-drive-api.py -> /Users/ikramkhan/Python/replica/google-drive-api.py
2023-05-17 11:50:54,377 - Copied: /Users/ikramkhan/Python/source/.DS_Store -> /Users/ikramkhan/Python/replica/.DS_Store
2023-05-17 11:50:54,378 - Copied: /Users/ikramkhan/Python/source/test_file.txt -> /Users/ikramkhan/Python/replica/test_file.txt
2023-05-17 11:50:54,379 - Copied: /Users/ikramkhan/Python/source/google-drive-api.py -> /Users/ikramkhan/Python/replica/google-drive-api.py
2023-05-17 11:51:04,979 - Copied: /Users/ikramkhan/Python/source/.DS_Store -> /Users/ikramkhan/Python/replica/.DS_Store
2023-05-17 11:51:04,980 - Copied: /Users/ikramkhan/Python/source/test_file.txt -> /Users/ikramkhan/Python/replica/test_file.txt
2023-05-17 11:51:04,980 - Copied: /Users/ikramkhan/Python/source/google-drive-api.py -> /Users/ikramkhan/Python/replica/google-drive-api.py
2023-05-17 11:51:04,980 - Initial synchronization complete
2023-05-17 11:51:15,025 - Copied: /Users/ikramkhan/Python/source/.DS_Store -> /Users/ikramkhan/Python/replica/.DS_Store
2023-05-17 11:51:15,026 - Copied: /Users/ikramkhan/Python/source/test_file.txt -> /Users/ikramkhan/Python/replica/test_file.txt
2023-05-17 11:51:15,027 - Copied: /Users/ikramkhan/Python/source/google-drive-api.py -> /Users/ikramkhan/Python/replica/google-drive-api.py
2023-05-17 11:51:25,072 - Copied: /Users/ikramkhan/Python/source/.DS_Store -> /Users/ikramkhan/Python/replica/.DS_Store
2023-05-17 11:51:25,073 - Copied: /Users/ikramkhan/Python/source/test_file.txt -> /Users/ikramkhan/Python/replica/test_file.txt
2023-05-17 11:51:25,074 - Copied: /Users/ikramkhan/Python/source/google-drive-api.py -> /Users/ikramkhan/Python/replica/google-drive-api.py
2023-05-17 11:51:35,104 - Copied: /Users/ikramkhan/Python/source/.DS_Store -> /Users/ikramkhan/Python/replica/.DS_Store
2023-05-17 11:51:35,105 - Copied: /Users/ikramkhan/Python/source/test_file.txt -> /Users/ikramkhan/Python/replica/test_file.txt
2023-05-17 11:51:35,106 - Copied: /Users/ikramkhan/Python/source/google-drive-api.py -> /Users/ikramkhan/Python/replica/google-drive-api.py
2023-05-17 11:51:45,139 - Copied: /Users/ikramkhan/Python/source/.DS_Store -> /Users/ikramkhan/Python/replica/.DS_Store
2023-05-17 11:51:45,139 - Copied: /Users/ikramkhan/Python/source/test_file.txt -> /Users/ikramkhan/Python/replica/test_file.txt
2023-05-17 11:51:45,140 - Copied: /Users/ikramkhan/Python/source/google-drive-api.py -> /Users/ikramkhan/Python/replica/google-drive-api.py
2023-05-17 11:51:55,169 - Copied: /Users/ikramkhan/Python/source/.DS_Store -> /Users/ikramkhan/Python/replica/.DS_Store
2023-05-17 11:51:55,170 - Copied: /Users/ikramkhan/Python/source/test_file.txt -> /Users/ikramkhan/Python/replica/test_file.txt
2023-05-17 11:51:55,171 - Copied: /Users/ikramkhan/Python/source/google-drive-api.py -> /Users/ikramkhan/Python/replica/google-drive-api.py
2023-05-17 11:52:05,193 - Copied: /Users/ikramkhan/Python/source/.DS_Store -> /Users/ikramkhan/Python/replica/.DS_Store
2023-05-17 11:52:05,194 - Copied: /Users/ikramkhan/Python/source/test_file.txt -> /Users/ikramkhan/Python/replica/test_file.txt
2023-05-17 11:52:05,194 - Copied: /Users/ikramkhan/Python/source/google-drive-api.py -> /Users/ikramkhan/Python/replica/google-drive-api.py
2023-05-17 11:52:15,219 - Copied: /Users/ikramkhan/Python/source/.DS_Store -> /Users/ikramkhan/Python/replica/.DS_Store
2023-05-17 11:52:15,220 - Copied: /Users/ikramkhan/Python/source/test_file.txt -> /Users/ikramkhan/Python/replica/test_file.txt
2023-05-17 11:52:15,221 - Copied: /Users/ikramkhan/Python/source/google-drive-api.py -> /Users/ikramkhan/Python/replica/google-drive-api.py
2023-05-17 11:52:25,248 - Copied: /Users/ikramkhan/Python/source/.DS_Store -> /Users/ikramkhan/Python/replica/.DS_Store
2023-05-17 11:52:25,248 - Copied: /Users/ikramkhan/Python/source/test_file.txt -> /Users/ikramkhan/Python/replica/test_file.txt
2023-05-17 11:52:25,250 - Copied: /Users/ikramkhan/Python/source/google-drive-api.py -> /Users/ikramkhan/Python/replica/google-drive-api.py
2023-05-17 11:52:35,282 - Copied: /Users/ikramkhan/Python/source/.DS_Store -> /Users/ikramkhan/Python/replica/.DS_Store
2023-05-17 11:52:35,283 - Copied: /Users/ikramkhan/Python/source/test_file.txt -> /Users/ikramkhan/Python/replica/test_file.txt
2023-05-17 11:52:35,283 - Copied: /Users/ikramkhan/Python/source/google-drive-api.py -> /Users/ikramkhan/Python/replica/google-drive-api.py
2023-05-17 11:52:45,315 - Copied: /Users/ikramkhan/Python/source/.DS_Store -> /Users/ikramkhan/Python/replica/.DS_Store
2023-05-17 11:52:45,316 - Copied: /Users/ikramkhan/Python/source/test_file.txt -> /Users/ikramkhan/Python/replica/test_file.txt
2023-05-17 11:52:45,317 - Copied: /Users/ikramkhan/Python/source/google-drive-api.py -> /Users/ikramkhan/Python/replica/google-drive-api.py
2023-05-17 11:52:55,359 - Copied: /Users/ikramkhan/Python/source/.DS_Store -> /Users/ikramkhan/Python/replica/.DS_Store
2023-05-17 11:52:55,360 - Copied: /Users/ikramkhan/Python/source/test_file.txt -> /Users/ikramkhan/Python/replica/test_file.txt
2023-05-17 11:52:55,361 - Copied: /Users/ikramkhan/Python/source/google-drive-api.py -> /Users/ikramkhan/Python/replica/google-drive-api.py
2023-05-17 11:53:05,386 - Copied: /Users/ikramkhan/Python/source/.DS_Store -> /Users/ikramkhan/Python/replica/.DS_Store
2023-05-17 11:53:05,387 - Copied: /Users/ikramkhan/Python/source/test_file.txt -> /Users/ikramkhan/Python/replica/test_file.txt
2023-05-17 11:53:05,388 - Copied: /Users/ikramkhan/Python/source/google-drive-api.py -> /Users/ikramkhan/Python/replica/google-drive-api.py
2023-05-17 11:53:15,407 - Copied: /Users/ikramkhan/Python/source/.DS_Store -> /Users/ikramkhan/Python/replica/.DS_Store
2023-05-17 11:53:15,408 - Copied: /Users/ikramkhan/Python/source/test_file.txt -> /Users/ikramkhan/Python/replica/test_file.txt
2023-05-17 11:53:15,409 - Copied: /Users/ikramkhan/Python/source/google-drive-api.py -> /Users/ikramkhan/Python/replica/google-drive-api.py
2023-05-17 11:53:25,429 - Copied: /Users/ikramkhan/Python/source/.DS_Store -> /Users/ikramkhan/Python/replica/.DS_Store
2023-05-17 11:53:25,430 - Copied: /Users/ikramkhan/Python/source/test_file.txt -> /Users/ikramkhan/Python/replica/test_file.txt
2023-05-17 11:53:25,431 - Copied: /Users/ikramkhan/Python/source/google-drive-api.py -> /Users/ikramkhan/Python/replica/google-drive-api.py
2023-05-17 11:53:35,457 - Copied: /Users/ikramkhan/Python/source/.DS_Store -> /Users/ikramkhan/Python/replica/.DS_Store
2023-05-17 11:53:35,457 - Copied: /Users/ikramkhan/Python/source/test_file.txt -> /Users/ikramkhan/Python/replica/test_file.txt
2023-05-17 11:53:35,458 - Copied: /Users/ikramkhan/Python/source/google-drive-api.py -> /Users/ikramkhan/Python/replica/google-drive-api.py
2023-05-17 11:53:45,488 - Copied: /Users/ikramkhan/Python/source/.DS_Store -> /Users/ikramkhan/Python/replica/.DS_Store
2023-05-17 11:53:45,489 - Copied: /Users/ikramkhan/Python/source/test_file.txt -> /Users/ikramkhan/Python/replica/test_file.txt
2023-05-17 11:53:45,490 - Copied: /Users/ikramkhan/Python/source/google-drive-api.py -> /Users/ikramkhan/Python/replica/google-drive-api.py
2023-05-17 11:53:55,524 - Copied: /Users/ikramkhan/Python/source/.DS_Store -> /Users/ikramkhan/Python/replica/.DS_Store
2023-05-17 11:53:55,525 - Copied: /Users/ikramkhan/Python/source/test_file.txt -> /Users/ikramkhan/Python/replica/test_file.txt
2023-05-17 11:53:55,526 - Copied: /Users/ikramkhan/Python/source/google-drive-api.py -> /Users/ikramkhan/Python/replica/google-drive-api.py
2023-05-17 11:54:05,562 - Copied: /Users/ikramkhan/Python/source/.DS_Store -> /Users/ikramkhan/Python/replica/.DS_Store
2023-05-17 11:54:05,563 - Copied: /Users/ikramkhan/Python/source/test_file.txt -> /Users/ikramkhan/Python/replica/test_file.txt
2023-05-17 11:54:05,564 - Copied: /Users/ikramkhan/Python/source/google-drive-api.py -> /Users/ikramkhan/Python/replica/google-drive-api.py
2023-05-17 11:54:15,584 - Copied: /Users/ikramkhan/Python/source/.DS_Store -> /Users/ikramkhan/Python/replica/.DS_Store
2023-05-17 11:54:15,585 - Copied: /Users/ikramkhan/Python/source/test_file.txt -> /Users/ikramkhan/Python/replica/test_file.txt
2023-05-17 11:54:15,586 - Copied: /Users/ikramkhan/Python/source/google-drive-api.py -> /Users/ikramkhan/Python/replica/google-drive-api.py
2023-05-17 11:54:25,610 - Copied: /Users/ikramkhan/Python/source/.DS_Store -> /Users/ikramkhan/Python/replica/.DS_Store
2023-05-17 11:54:25,611 - Copied: /Users/ikramkhan/Python/source/test_file.txt -> /Users/ikramkhan/Python/replica/test_file.txt
2023-05-17 11:54:25,612 - Copied: /Users/ikramkhan/Python/source/google-drive-api.py -> /Users/ikramkhan/Python/replica/google-drive-api.py
2023-05-17 11:54:35,634 - Copied: /Users/ikramkhan/Python/source/.DS_Store -> /Users/ikramkhan/Python/replica/.DS_Store
2023-05-17 11:54:35,635 - Copied: /Users/ikramkhan/Python/source/test_file.txt -> /Users/ikramkhan/Python/replica/test_file.txt
2023-05-17 11:54:35,636 - Copied: /Users/ikramkhan/Python/source/google-drive-api.py -> /Users/ikramkhan/Python/replica/google-drive-api.py
2023-05-17 11:54:45,647 - Copied: /Users/ikramkhan/Python/source/.DS_Store -> /Users/ikramkhan/Python/replica/.DS_Store
2023-05-17 11:54:45,648 - Copied: /Users/ikramkhan/Python/source/test_file.txt -> /Users/ikramkhan/Python/replica/test_file.txt
2023-05-17 11:54:45,648 - Copied: /Users/ikramkhan/Python/source/google-drive-api.py -> /Users/ikramkhan/Python/replica/google-drive-api.py
2023-05-17 11:54:55,666 - Copied: /Users/ikramkhan/Python/source/.DS_Store -> /Users/ikramkhan/Python/replica/.DS_Store
2023-05-17 11:54:55,667 - Copied: /Users/ikramkhan/Python/source/test_file.txt -> /Users/ikramkhan/Python/replica/test_file.txt
2023-05-17 11:54:55,668 - Copied: /Users/ikramkhan/Python/source/google-drive-api.py -> /Users/ikramkhan/Python/replica/google-drive-api.py
2023-05-17 11:55:05,691 - Copied: /Users/ikramkhan/Python/source/.DS_Store -> /Users/ikramkhan/Python/replica/.DS_Store
2023-05-17 11:55:05,692 - Copied: /Users/ikramkhan/Python/source/test_file.txt -> /Users/ikramkhan/Python/replica/test_file.txt
2023-05-17 11:55:05,693 - Copied: /Users/ikramkhan/Python/source/google-drive-api.py -> /Users/ikramkhan/Python/replica/google-drive-api.py
2023-05-17 11:55:15,728 - Copied: /Users/ikramkhan/Python/source/.DS_Store -> /Users/ikramkhan/Python/replica/.DS_Store
2023-05-17 11:55:15,729 - Copied: /Users/ikramkhan/Python/source/test_file.txt -> /Users/ikramkhan/Python/replica/test_file.txt
2023-05-17 11:55:15,729 - Copied: /Users/ikramkhan/Python/source/google-drive-api.py -> /Users/ikramkhan/Python/replica/google-drive-api.py
2023-05-17 11:55:25,753 - Copied: /Users/ikramkhan/Python/source/.DS_Store -> /Users/ikramkhan/Python/replica/.DS_Store
2023-05-17 11:55:25,754 - Copied: /Users/ikramkhan/Python/source/test_file.txt -> /Users/ikramkhan/Python/replica/test_file.txt
2023-05-17 11:55:25,755 - Copied: /Users/ikramkhan/Python/source/google-drive-api.py -> /Users/ikramkhan/Python/replica/google-drive-api.py
2023-05-17 11:55:35,792 - Copied: /Users/ikramkhan/Python/source/.DS_Store -> /Users/ikramkhan/Python/replica/.DS_Store
2023-05-17 11:55:35,794 - Copied: /Users/ikramkhan/Python/source/test_file.txt -> /Users/ikramkhan/Python/replica/test_file.txt
2023-05-17 11:55:35,795 - Copied: /Users/ikramkhan/Python/source/google-drive-api.py -> /Users/ikramkhan/Python/replica/google-drive-api.py
2023-05-17 11:55:45,820 - Copied: /Users/ikramkhan/Python/source/.DS_Store -> /Users/ikramkhan/Python/replica/.DS_Store
2023-05-17 11:55:45,821 - Copied: /Users/ikramkhan/Python/source/test_file.txt -> /Users/ikramkhan/Python/replica/test_file.txt
2023-05-17 11:55:45,822 - Copied: /Users/ikramkhan/Python/source/google-drive-api.py -> /Users/ikramkhan/Python/replica/google-drive-api.py
2023-05-17 11:55:55,857 - Copied: /Users/ikramkhan/Python/source/.DS_Store -> /Users/ikramkhan/Python/replica/.DS_Store
2023-05-17 11:55:55,857 - Copied: /Users/ikramkhan/Python/source/test_file.txt -> /Users/ikramkhan/Python/replica/test_file.txt
2023-05-17 11:55:55,859 - Copied: /Users/ikramkhan/Python/source/google-drive-api.py -> /Users/ikramkhan/Python/replica/google-drive-api.py
2023-05-17 11:56:05,891 - Copied: /Users/ikramkhan/Python/source/.DS_Store -> /Users/ikramkhan/Python/replica/.DS_Store
2023-05-17 11:56:05,892 - Copied: /Users/ikramkhan/Python/source/test_file.txt -> /Users/ikramkhan/Python/replica/test_file.txt
2023-05-17 11:56:05,893 - Copied: /Users/ikramkhan/Python/source/google-drive-api.py -> /Users/ikramkhan/Python/replica/google-drive-api.py
2023-05-17 11:56:15,929 - Copied: /Users/ikramkhan/Python/source/.DS_Store -> /Users/ikramkhan/Python/replica/.DS_Store
2023-05-17 11:56:15,930 - Copied: /Users/ikramkhan/Python/source/test_file.txt -> /Users/ikramkhan/Python/replica/test_file.txt
2023-05-17 11:56:15,931 - Copied: /Users/ikramkhan/Python/source/google-drive-api.py -> /Users/ikramkhan/Python/replica/google-drive-api.py
2023-05-17 11:56:25,959 - Copied: /Users/ikramkhan/Python/source/.DS_Store -> /Users/ikramkhan/Python/replica/.DS_Store
2023-05-17 11:56:25,962 - Copied: /Users/ikramkhan/Python/source/test_file.txt -> /Users/ikramkhan/Python/replica/test_file.txt
2023-05-17 11:56:25,962 - Copied: /Users/ikramkhan/Python/source/google-drive-api.py -> /Users/ikramkhan/Python/replica/google-drive-api.py
